08-04-21_16-04-24-885 - Found: 20 weapon definitions
08-04-21_16-04-24-885 - Compiling: Mark 40 Spitfire
08-04-21_16-04-24-885 - Compiling: M66 Sentry
08-04-21_16-04-24-885 - Compiling: M910 Point Defense
08-04-21_16-04-24-885 - Compiling: M870 Point Defense
08-04-21_16-04-24-885 - Compiling: Mark 15 Breakwater D
08-04-21_16-04-24-885 - Compiling: Mark 15 Breakwater B1
08-04-21_16-04-24-885 - Compiling: Mark 15 Breakwater B2
08-04-21_16-04-24-885 - Compiling: Mark 15 Breakwater B3
08-04-21_16-04-24-885 - Compiling: M1024 ASW/AC 30mm
08-04-21_16-04-24-885 - Compiling: 11A2R1
08-04-21_16-04-24-885 - Compiling: Mark IX MAC
08-04-21_16-04-24-885 - Compiling: Mark IV MAC
08-04-21_16-04-24-885 - Compiling: Series 8 MAC
08-04-21_16-04-24-885 - Compiling: Mark II MAC
08-04-21_16-04-24-885 - Compiling: Mark II MAC
08-04-21_16-04-24-885 - Compiling: M42 Archer Missile Pods
08-04-21_16-04-24-885 - Compiling: M58 Archer Missile Pods
08-04-21_16-04-24-885 - Compiling: M58 Archer Missile Pods
08-04-21_16-04-24-885 - Compiling: Shiva Missile Pod
08-04-21_16-04-24-885 - Compiling: CBU-R68 Moray System
08-04-21_16-04-24-886 - Found: 0 armor compatibility definitions
08-04-21_16-04-25-079 - Handing over control to Core and going to sleep
08-04-21_16-04-25-080 - Sending request to core
