2021-07-22 12:05:17Z:BuildAndRepairSystemMod: Initializing IsServer=True, IsDedicated=True
2021-07-22 12:05:17Z:NanobotBuildAndRepairSystemSettings: Loaded from world file.
2021-07-22 12:05:17Z:BuildAndRepairSystemMod: Initialized.
2021-07-22 12:05:21Z:Localization: Disabled=False Language=English
2021-07-22 12:35:44Z:BuildAndRepairSystemMod: SyncBlockDataRequestReceived for unknown system SteamId76561198308833847 EntityId=125816627928625557
2021-07-22 12:35:44Z:BuildAndRepairSystemMod: SyncBlockDataRequestReceived for unknown system SteamId76561198308833847 EntityId=125331431023336062
2021-07-22 12:35:44Z:BuildAndRepairSystemMod: SyncBlockDataRequestReceived for unknown system SteamId76561198308833847 EntityId=83675250366656824
2021-07-22 12:36:06Z:BuildAndRepairSystemMod: SyncBlockDataRequestReceived for unknown system SteamId76561198308833847 EntityId=77126805219826979
2021-07-22 12:36:06Z:BuildAndRepairSystemMod: SyncBlockDataRequestReceived for unknown system SteamId76561198308833847 EntityId=100631869586823763
2021-07-22 12:36:06Z:BuildAndRepairSystemMod: SyncBlockDataRequestReceived for unknown system SteamId76561198308833847 EntityId=127896931025203002
2021-07-22 12:36:06Z:BuildAndRepairSystemMod: SyncBlockDataRequestReceived for unknown system SteamId76561198308833847 EntityId=128549444946888116
2021-07-22 12:36:07Z:BuildAndRepairSystemMod: SyncBlockDataRequestReceived for unknown system SteamId76561198308833847 EntityId=134866377351797710
2021-07-22 12:36:07Z:BuildAndRepairSystemMod: SyncBlockDataRequestReceived for unknown system SteamId76561198308833847 EntityId=115590982018217931
2021-07-22 12:36:07Z:BuildAndRepairSystemMod: SyncBlockDataRequestReceived for unknown system SteamId76561198308833847 EntityId=97779957089545417
2021-07-22 12:36:07Z:BuildAndRepairSystemMod: SyncBlockDataRequestReceived for unknown system SteamId76561198308833847 EntityId=133844501442400463
2021-07-22 13:01:04Z:BuildAndRepairSystemMod: SyncBlockDataRequestReceived for unknown system SteamId76561198308833847 EntityId=118412238466590964
2021-07-22 13:53:40Z:BuildAndRepairSystemMod: SyncBlockDataRequestReceived for unknown system SteamId76561198308833847 EntityId=113131928501248448
2021-07-22 13:53:40Z:BuildAndRepairSystemMod: SyncBlockDataRequestReceived for unknown system SteamId76561198308833847 EntityId=73082556314838821
2021-07-22 13:59:45Z:BuildAndRepairSystemMod: SyncBlockDataRequestReceived for unknown system SteamId76561198256934411 EntityId=137966971049373776
2021-07-22 13:59:46Z:BuildAndRepairSystemMod: SyncBlockDataRequestReceived for unknown system SteamId76561198256934411 EntityId=130989486822408644
2021-07-22 13:59:46Z:BuildAndRepairSystemMod: SyncBlockDataRequestReceived for unknown system SteamId76561198256934411 EntityId=141979593430297988
2021-07-22 13:59:47Z:BuildAndRepairSystemMod: SyncBlockDataRequestReceived for unknown system SteamId76561198256934411 EntityId=83620461848545474
2021-07-22 13:59:47Z:BuildAndRepairSystemMod: SyncBlockDataRequestReceived for unknown system SteamId76561198256934411 EntityId=122580534926470840
2021-07-22 13:59:47Z:BuildAndRepairSystemMod: SyncBlockDataRequestReceived for unknown system SteamId76561198256934411 EntityId=109520682431398008
2021-07-22 14:36:03Z:BuildAndRepairSystemMod: SyncBlockDataRequestReceived for unknown system SteamId76561197999132194 EntityId=138735594349696823
2021-07-22 14:36:04Z:BuildAndRepairSystemMod: SyncBlockDataRequestReceived for unknown system SteamId76561197999132194 EntityId=94723949795065680
2021-07-22 14:36:04Z:BuildAndRepairSystemMod: SyncBlockDataRequestReceived for unknown system SteamId76561197999132194 EntityId=123917468260105118
2021-07-22 14:36:58Z:BuildAndRepairSystemMod: SyncBlockDataRequestReceived for unknown system SteamId76561198433157335 EntityId=112157853551991343
2021-07-22 14:36:58Z:BuildAndRepairSystemMod: SyncBlockDataRequestReceived for unknown system SteamId76561198433157335 EntityId=124558137310629749
2021-07-22 14:36:58Z:BuildAndRepairSystemMod: SyncBlockDataRequestReceived for unknown system SteamId76561198433157335 EntityId=93998010632394457
2021-07-22 14:36:58Z:BuildAndRepairSystemMod: SyncBlockDataRequestReceived for unknown system SteamId76561198433157335 EntityId=130575377706693236
2021-07-22 14:37:52Z:BuildAndRepairSystemMod: SyncBlockDataRequestReceived for unknown system SteamId76561198433157335 EntityId=138735594349696823
2021-07-22 14:37:53Z:BuildAndRepairSystemMod: SyncBlockDataRequestReceived for unknown system SteamId76561198433157335 EntityId=94723949795065680
2021-07-22 14:37:53Z:BuildAndRepairSystemMod: SyncBlockDataRequestReceived for unknown system SteamId76561198433157335 EntityId=123917468260105118
2021-07-22 14:51:01Z:BuildAndRepairSystemMod: SyncBlockDataRequestReceived for unknown system SteamId76561198071706264 EntityId=131722440421720835
2021-07-22 14:51:01Z:BuildAndRepairSystemMod: SyncBlockDataRequestReceived for unknown system SteamId76561198071706264 EntityId=108784884641683333
2021-07-22 14:51:07Z:BuildAndRepairSystemMod: SyncBlockDataRequestReceived for unknown system SteamId76561198071706264 EntityId=97001858011806899
2021-07-22 14:51:07Z:BuildAndRepairSystemMod: SyncBlockDataRequestReceived for unknown system SteamId76561198071706264 EntityId=122095034222123478
2021-07-22 14:51:07Z:BuildAndRepairSystemMod: SyncBlockDataRequestReceived for unknown system SteamId76561198071706264 EntityId=129094853651313788
2021-07-22 14:51:07Z:BuildAndRepairSystemMod: SyncBlockDataRequestReceived for unknown system SteamId76561198071706264 EntityId=107648736897677738
2021-07-22 14:51:07Z:BuildAndRepairSystemMod: SyncBlockDataRequestReceived for unknown system SteamId76561198071706264 EntityId=111303024847714772
2021-07-22 15:00:19Z:BuildAndRepairSystemMod: SyncBlockDataRequestReceived for unknown system SteamId76561198308833847 EntityId=84601007260337396
2021-07-22 15:00:19Z:BuildAndRepairSystemMod: SyncBlockDataRequestReceived for unknown system SteamId76561198308833847 EntityId=134944609118659718
2021-07-22 15:00:20Z:BuildAndRepairSystemMod: SyncBlockDataRequestReceived for unknown system SteamId76561198308833847 EntityId=120477533940607212
2021-07-22 15:00:20Z:BuildAndRepairSystemMod: SyncBlockDataRequestReceived for unknown system SteamId76561198308833847 EntityId=98074826576683467
2021-07-22 15:00:21Z:BuildAndRepairSystemMod: SyncBlockDataRequestReceived for unknown system SteamId76561198308833847 EntityId=126246347827092783
2021-07-22 15:00:21Z:BuildAndRepairSystemMod: SyncBlockDataRequestReceived for unknown system SteamId76561198308833847 EntityId=97268719554510802
2021-07-22 15:53:23Z:BuildAndRepairSystemMod: SyncBlockDataRequestReceived for unknown system SteamId76561198024100125 EntityId=97140706427600266
2021-07-22 15:53:23Z:BuildAndRepairSystemMod: SyncBlockDataRequestReceived for unknown system SteamId76561198024100125 EntityId=100139077332960640
2021-07-22 15:53:27Z:BuildAndRepairSystemMod: SyncBlockDataRequestReceived for unknown system SteamId76561198024100125 EntityId=99905059034582107
2021-07-22 15:53:28Z:BuildAndRepairSystemMod: SyncBlockDataRequestReceived for unknown system SteamId76561198024100125 EntityId=96817274364169988
2021-07-22 15:53:29Z:BuildAndRepairSystemMod: SyncBlockDataRequestReceived for unknown system SteamId76561198024100125 EntityId=94969551087609553
2021-07-22 15:53:30Z:BuildAndRepairSystemMod: SyncBlockDataRequestReceived for unknown system SteamId76561198024100125 EntityId=132839073453299410
2021-07-22 16:03:53Z:BuildAndRepairSystemMod: SyncBlockDataRequestReceived for unknown system SteamId76561198071706264 EntityId=124359559025138416
2021-07-22 16:03:53Z:BuildAndRepairSystemMod: SyncBlockDataRequestReceived for unknown system SteamId76561198071706264 EntityId=125628592366075896
2021-07-22 16:03:53Z:BuildAndRepairSystemMod: SyncBlockDataRequestReceived for unknown system SteamId76561198071706264 EntityId=124147033055101931
2021-07-22 16:03:53Z:BuildAndRepairSystemMod: SyncBlockDataRequestReceived for unknown system SteamId76561198071706264 EntityId=106611031916690961
2021-07-22 16:03:53Z:BuildAndRepairSystemMod: SyncBlockDataRequestReceived for unknown system SteamId76561198071706264 EntityId=90329685592872624
2021-07-22 16:03:54Z:BuildAndRepairSystemMod: SyncBlockDataRequestReceived for unknown system SteamId76561198071706264 EntityId=128854803015517593
2021-07-22 16:03:55Z:BuildAndRepairSystemMod: SyncBlockDataRequestReceived for unknown system SteamId76561198071706264 EntityId=88952558509332072
2021-07-22 16:03:55Z:BuildAndRepairSystemMod: SyncBlockDataRequestReceived for unknown system SteamId76561198071706264 EntityId=134508042264855415
