08-20-21_09-41-41-631 - Found: 20 weapon definitions
08-20-21_09-41-41-631 - Compiling: Mark 40 Spitfire
08-20-21_09-41-41-631 - Compiling: M66 Sentry
08-20-21_09-41-41-631 - Compiling: M910 Point Defense
08-20-21_09-41-41-631 - Compiling: M870 Point Defense
08-20-21_09-41-41-631 - Compiling: Mark 15 Breakwater D
08-20-21_09-41-41-631 - Compiling: Mark 15 Breakwater B1
08-20-21_09-41-41-631 - Compiling: Mark 15 Breakwater B2
08-20-21_09-41-41-631 - Compiling: Mark 15 Breakwater B3
08-20-21_09-41-41-631 - Compiling: M1024 ASW/AC 30mm
08-20-21_09-41-41-631 - Compiling: 11A2R1
08-20-21_09-41-41-631 - Compiling: Mark IX MAC
08-20-21_09-41-41-631 - Compiling: Mark IV MAC
08-20-21_09-41-41-631 - Compiling: Series 8 MAC
08-20-21_09-41-41-631 - Compiling: Mark II MAC
08-20-21_09-41-41-631 - Compiling: Mark II MAC
08-20-21_09-41-41-631 - Compiling: M42 Archer Missile Pods
08-20-21_09-41-41-632 - Compiling: M58 Archer Missile Pods
08-20-21_09-41-41-632 - Compiling: M58 Archer Missile Pods
08-20-21_09-41-41-632 - Compiling: Shiva Missile Pod
08-20-21_09-41-41-632 - Compiling: CBU-R68 Moray System
08-20-21_09-41-41-632 - Found: 0 armor compatibility definitions
08-20-21_09-41-41-788 - Handing over control to Core and going to sleep
08-20-21_09-41-41-789 - Sending request to core
